<?xml version="1.0" encoding="UTF-8"?>
<!-- Generated by org.testng.reporters.JUnitXMLReporter -->
<testsuite hostname="LAPTOP-5HKS8EQG" name="Default test" tests="8" failures="0" timestamp="16 Aug 2019 07:25:40 GMT" time="495.884" errors="0">
  <testcase name="incrementProductQuantityInSummary" time="18.764" classname="scripts.TestScripts"/>
  <testcase name="productPurchase" time="19.681" classname="scripts.TestScripts"/>
  <testcase name="productSearchAndPurchase" time="22.659" classname="scripts.TestScripts"/>
  <testcase name="removeProductFromCart" time="10.349" classname="scripts.TestScripts"/>
  <testcase name="selectAColorForProduct" time="24.182" classname="scripts.TestScripts"/>
  <testcase name="selectASizeForProduct" time="24.933" classname="scripts.TestScripts"/>
  <testcase name="sortProductByLowestPrice" time="22.856" classname="scripts.TestScripts"/>
  <testcase name="viewProductInListMode" time="17.352" classname="scripts.TestScripts"/>
</testsuite> <!-- Default test -->
