<?xml version="1.0" encoding="UTF-8"?>
<!-- Generated by org.testng.reporters.JUnitXMLReporter -->
<testsuite hostname="LAPTOP-5HKS8EQG" name="Test" tests="8" failures="0" timestamp="16 Aug 2019 08:18:14 GMT" time="391.974" errors="0">
  <testcase name="incrementProductQuantityInSummary" time="21.24" classname="scripts.TestScripts"/>
  <testcase name="productPurchase" time="18.403" classname="scripts.TestScripts"/>
  <testcase name="productSearchAndPurchase" time="16.318" classname="scripts.TestScripts"/>
  <testcase name="removeProductFromCart" time="9.214" classname="scripts.TestScripts"/>
  <testcase name="selectAColorForProduct" time="25.087" classname="scripts.TestScripts"/>
  <testcase name="selectASizeForProduct" time="19.455" classname="scripts.TestScripts"/>
  <testcase name="sortProductByLowestPrice" time="21.042" classname="scripts.TestScripts"/>
  <testcase name="viewProductInListMode" time="16.761" classname="scripts.TestScripts"/>
</testsuite> <!-- Test -->
