<?xml version="1.0" encoding="UTF-8"?>
<!-- Generated by org.testng.reporters.JUnitXMLReporter -->
<testsuite hostname="LAPTOP-5HKS8EQG" name="Test" tests="8" failures="0" timestamp="16 Aug 2019 08:47:44 GMT" time="422.816" errors="0">
  <testcase name="incrementProductQuantityInSummary" time="22.305" classname="scripts.TestScripts"/>
  <testcase name="productPurchase" time="19.049" classname="scripts.TestScripts"/>
  <testcase name="productSearchAndPurchase" time="16.146" classname="scripts.TestScripts"/>
  <testcase name="removeProductFromCart" time="9.219" classname="scripts.TestScripts"/>
  <testcase name="selectAColorForProduct" time="19.192" classname="scripts.TestScripts"/>
  <testcase name="selectASizeForProduct" time="25.639" classname="scripts.TestScripts"/>
  <testcase name="sortProductByLowestPrice" time="18.947" classname="scripts.TestScripts"/>
  <testcase name="viewProductInListMode" time="18.857" classname="scripts.TestScripts"/>
</testsuite> <!-- Test -->
