<?xml version="1.0" encoding="UTF-8"?>
<testsuite xmlns:xsi="http://www.w3.org/2001/XMLSchema-instance" xsi:noNamespaceSchemaLocation="https://maven.apache.org/surefire/maven-surefire-plugin/xsd/surefire-test-report-3.0.xsd" version="3.0" name="TestSuite" time="426.561" tests="8" errors="0" skipped="0" failures="0">
  <properties>
[...]
</properties>
  <testcase name="incrementProductQuantityInSummary" classname="scripts.TestScripts" time="22.306"/>
  <testcase name="productPurchase" classname="scripts.TestScripts" time="19.05"/>
  <testcase name="productSearchAndPurchase" classname="scripts.TestScripts" time="16.146"/>
  <testcase name="removeProductFromCart" classname="scripts.TestScripts" time="9.22"/>
  <testcase name="selectAColorForProduct" classname="scripts.TestScripts" time="19.189"/>
  <testcase name="selectASizeForProduct" classname="scripts.TestScripts" time="25.637"/>
  <testcase name="sortProductByLowestPrice" classname="scripts.TestScripts" time="18.946"/>
  <testcase name="viewProductInListMode" classname="scripts.TestScripts" time="18.858"/>
</testsuite>